mode: set
ark/internal/modules/order/model.go:99.89,101.37 2 1
ark/internal/modules/order/model.go:101.37,103.26 2 1
ark/internal/modules/order/model.go:103.26,105.4 1 1
ark/internal/modules/order/model.go:106.3,106.19 1 1
ark/internal/modules/order/model.go:108.2,108.12 1 1
ark/internal/modules/order/model.go:112.42,114.9 2 1
ark/internal/modules/order/model.go:114.9,116.3 1 1
ark/internal/modules/order/model.go:117.2,118.11 2 1
ark/internal/modules/order/schedule.go:70.102,71.49 1 1
ark/internal/modules/order/schedule.go:71.49,73.3 1 1
ark/internal/modules/order/schedule.go:74.2,74.33 1 1
ark/internal/modules/order/schedule.go:74.33,76.3 1 1
ark/internal/modules/order/schedule.go:77.2,78.62 2 1
ark/internal/modules/order/schedule.go:78.62,80.3 1 1
ark/internal/modules/order/schedule.go:82.2,83.16 2 1
ark/internal/modules/order/schedule.go:83.16,85.3 1 0
ark/internal/modules/order/schedule.go:86.2,86.12 1 1
ark/internal/modules/order/schedule.go:86.12,88.3 1 1
ark/internal/modules/order/schedule.go:90.2,92.22 3 1
ark/internal/modules/order/schedule.go:92.22,93.103 1 1
ark/internal/modules/order/schedule.go:93.103,95.4 1 1
ark/internal/modules/order/schedule.go:98.2,117.56 4 1
ark/internal/modules/order/schedule.go:117.56,119.3 1 0
ark/internal/modules/order/schedule.go:120.2,128.16 2 1
ark/internal/modules/order/schedule.go:132.105,133.23 1 1
ark/internal/modules/order/schedule.go:133.23,135.3 1 1
ark/internal/modules/order/schedule.go:136.2,136.59 1 1
ark/internal/modules/order/schedule.go:141.101,143.2 1 1
ark/internal/modules/order/schedule.go:147.88,148.45 1 1
ark/internal/modules/order/schedule.go:148.45,150.3 1 1
ark/internal/modules/order/schedule.go:151.2,152.16 2 1
ark/internal/modules/order/schedule.go:152.16,154.3 1 1
ark/internal/modules/order/schedule.go:155.2,155.33 1 1
ark/internal/modules/order/schedule.go:155.33,157.3 1 1
ark/internal/modules/order/schedule.go:158.2,159.16 2 1
ark/internal/modules/order/schedule.go:159.16,161.3 1 0
ark/internal/modules/order/schedule.go:162.2,162.9 1 1
ark/internal/modules/order/schedule.go:162.9,164.3 1 0
ark/internal/modules/order/schedule.go:165.2,174.12 3 1
ark/internal/modules/order/schedule.go:180.101,181.23 1 1
ark/internal/modules/order/schedule.go:181.23,183.3 1 1
ark/internal/modules/order/schedule.go:184.2,187.4 1 1
ark/internal/modules/order/schedule.go:192.104,193.45 1 1
ark/internal/modules/order/schedule.go:193.45,195.3 1 1
ark/internal/modules/order/schedule.go:196.2,197.16 2 1
ark/internal/modules/order/schedule.go:197.16,199.3 1 0
ark/internal/modules/order/schedule.go:200.2,200.32 1 1
ark/internal/modules/order/schedule.go:200.32,202.3 1 1
ark/internal/modules/order/schedule.go:203.2,204.16 2 1
ark/internal/modules/order/schedule.go:204.16,206.3 1 0
ark/internal/modules/order/schedule.go:207.2,207.9 1 1
ark/internal/modules/order/schedule.go:207.9,209.3 1 0
ark/internal/modules/order/schedule.go:210.2,219.12 3 1
ark/internal/modules/order/schedule.go:224.67,227.6 3 0
ark/internal/modules/order/schedule.go:227.6,228.10 1 0
ark/internal/modules/order/schedule.go:229.21,230.10 1 0
ark/internal/modules/order/schedule.go:231.19,232.74 1 0
ark/internal/modules/order/schedule.go:239.64,242.6 3 0
ark/internal/modules/order/schedule.go:242.6,243.10 1 0
ark/internal/modules/order/schedule.go:244.21,245.10 1 0
ark/internal/modules/order/schedule.go:246.19,247.43 1 0
ark/internal/modules/order/service.go:24.61,26.2 1 1
ark/internal/modules/order/service.go:105.100,107.16 2 1
ark/internal/modules/order/service.go:107.16,109.3 1 1
ark/internal/modules/order/service.go:110.2,110.36 1 1
ark/internal/modules/order/service.go:110.36,112.3 1 1
ark/internal/modules/order/service.go:113.2,114.16 2 1
ark/internal/modules/order/service.go:114.16,116.3 1 0
ark/internal/modules/order/service.go:117.2,117.9 1 1
ark/internal/modules/order/service.go:117.9,119.3 1 1
ark/internal/modules/order/service.go:120.2,129.12 3 1
ark/internal/modules/order/service.go:132.61,133.22 1 1
ark/internal/modules/order/service.go:133.22,135.3 1 0
ark/internal/modules/order/service.go:136.2,136.21 1 1
ark/internal/modules/order/service.go:137.19,138.24 1 1
ark/internal/modules/order/service.go:139.16,140.24 1 1
ark/internal/modules/order/service.go:140.24,142.4 1 1
ark/internal/modules/order/service.go:143.3,143.20 1 1
ark/internal/modules/order/service.go:144.10,145.13 1 1
ark/internal/modules/order/service.go:149.84,150.49 1 1
ark/internal/modules/order/service.go:150.49,152.3 1 1
ark/internal/modules/order/service.go:153.2,154.16 2 1
ark/internal/modules/order/service.go:154.16,156.3 1 0
ark/internal/modules/order/service.go:157.2,157.12 1 1
ark/internal/modules/order/service.go:157.12,159.3 1 1
ark/internal/modules/order/service.go:161.2,164.22 4 1
ark/internal/modules/order/service.go:164.22,165.103 1 1
ark/internal/modules/order/service.go:165.103,167.4 1 1
ark/internal/modules/order/service.go:170.2,182.47 2 1
ark/internal/modules/order/service.go:182.47,184.3 1 0
ark/internal/modules/order/service.go:185.2,193.16 2 1
ark/internal/modules/order/service.go:196.70,202.2 1 1
ark/internal/modules/order/service.go:204.72,210.2 1 1
ark/internal/modules/order/service.go:214.72,220.2 1 1
ark/internal/modules/order/service.go:222.70,224.2 1 1
ark/internal/modules/order/service.go:226.72,231.2 1 1
ark/internal/modules/order/service.go:233.68,238.2 1 1
ark/internal/modules/order/service.go:240.76,245.2 1 1
ark/internal/modules/order/service.go:247.72,252.2 1 1
ark/internal/modules/order/service.go:254.73,256.2 1 1
ark/internal/modules/order/service.go:258.68,264.2 1 1
ark/internal/modules/order/service.go:266.66,271.2 1 1
ark/internal/modules/order/service.go:276.74,281.2 1 1
ark/internal/modules/order/service.go:283.58,287.6 3 0
ark/internal/modules/order/service.go:287.6,288.10 1 0
ark/internal/modules/order/service.go:289.21,290.10 1 0
ark/internal/modules/order/service.go:291.19,291.19 0 0
ark/internal/modules/order/service.go:297.23,301.2 3 1
ark/internal/modules/order/service.go:303.43,311.2 7 1
ark/internal/modules/order/store.go:30.40,32.2 1 1
ark/internal/modules/order/store.go:34.61,59.2 2 1
ark/internal/modules/order/store.go:61.71,89.35 12 1
ark/internal/modules/order/store.go:89.35,91.3 1 0
ark/internal/modules/order/store.go:92.2,92.16 1 1
ark/internal/modules/order/store.go:92.16,94.3 1 0
ark/internal/modules/order/store.go:96.2,96.20 1 1
ark/internal/modules/order/store.go:96.20,99.3 2 1
ark/internal/modules/order/store.go:100.2,100.21 1 1
ark/internal/modules/order/store.go:100.21,103.3 2 0
ark/internal/modules/order/store.go:104.2,109.24 6 1
ark/internal/modules/order/store.go:109.24,111.3 1 0
ark/internal/modules/order/store.go:112.2,112.35 1 1
ark/internal/modules/order/store.go:112.35,114.3 1 1
ark/internal/modules/order/store.go:115.2,115.21 1 1
ark/internal/modules/order/store.go:115.21,117.3 1 1
ark/internal/modules/order/store.go:118.2,121.30 4 1
ark/internal/modules/order/store.go:121.30,124.3 2 1
ark/internal/modules/order/store.go:125.2,125.26 1 1
ark/internal/modules/order/store.go:125.26,127.3 1 1
ark/internal/modules/order/store.go:128.2,128.16 1 1
ark/internal/modules/order/store.go:131.128,133.21 2 1
ark/internal/modules/order/store.go:133.21,136.3 2 1
ark/internal/modules/order/store.go:137.2,154.16 2 1
ark/internal/modules/order/store.go:154.16,156.3 1 0
ark/internal/modules/order/store.go:157.2,157.37 1 1
ark/internal/modules/order/store.go:160.66,173.2 2 1
ark/internal/modules/order/store.go:175.95,177.36 2 1
ark/internal/modules/order/store.go:177.36,179.3 1 1
ark/internal/modules/order/store.go:180.2,188.42 3 1
ark/internal/modules/order/store.go:188.42,190.3 1 0
ark/internal/modules/order/store.go:191.2,191.20 1 1
ark/internal/modules/order/store.go:194.39,195.14 1 1
ark/internal/modules/order/store.go:195.14,197.3 1 1
ark/internal/modules/order/store.go:198.2,199.11 2 1
ark/internal/modules/order/store.go:202.38,203.14 1 1
ark/internal/modules/order/store.go:203.14,205.3 1 1
ark/internal/modules/order/store.go:206.2,207.11 2 0
ark/internal/modules/order/store.go:210.43,211.14 1 1
ark/internal/modules/order/store.go:211.14,213.3 1 1
ark/internal/modules/order/store.go:214.2,215.11 2 1
ark/internal/modules/order/store.go:219.70,250.2 2 1
ark/internal/modules/order/store.go:253.103,264.16 2 0
ark/internal/modules/order/store.go:264.16,266.3 1 0
ark/internal/modules/order/store.go:267.2,268.28 2 0
ark/internal/modules/order/store.go:274.99,285.16 2 1
ark/internal/modules/order/store.go:285.16,287.3 1 0
ark/internal/modules/order/store.go:288.2,289.28 2 1
ark/internal/modules/order/store.go:294.114,306.16 2 1
ark/internal/modules/order/store.go:306.16,308.3 1 0
ark/internal/modules/order/store.go:309.2,309.37 1 1
ark/internal/modules/order/store.go:315.118,328.16 2 1
ark/internal/modules/order/store.go:328.16,330.3 1 0
ark/internal/modules/order/store.go:331.2,331.37 1 1
ark/internal/modules/order/store.go:338.89,348.2 2 0
ark/internal/modules/order/store.go:352.67,367.2 2 0
ark/internal/modules/order/store.go:375.22,377.18 2 1
ark/internal/modules/order/store.go:377.18,392.17 8 1
ark/internal/modules/order/store.go:392.17,394.4 1 0
ark/internal/modules/order/store.go:395.3,395.21 1 1
ark/internal/modules/order/store.go:395.21,398.4 2 0
ark/internal/modules/order/store.go:399.3,402.31 4 1
ark/internal/modules/order/store.go:402.31,405.4 2 0
ark/internal/modules/order/store.go:406.3,406.27 1 1
ark/internal/modules/order/store.go:406.27,408.4 1 1
ark/internal/modules/order/store.go:409.3,409.22 1 1
ark/internal/modules/order/store.go:409.22,411.4 1 1
ark/internal/modules/order/store.go:412.3,412.36 1 1
ark/internal/modules/order/store.go:412.36,414.4 1 1
ark/internal/modules/order/store.go:415.3,415.30 1 1
ark/internal/modules/order/store.go:417.2,417.35 1 1
ark/internal/modules/order/store.go:417.35,419.3 1 0
ark/internal/modules/order/store.go:420.2,420.20 1 1
